<?xml version="1.0" encoding="UTF-8"?>
<testsuite xmlns:xsi="http://www.w3.org/2001/XMLSchema-instance" xsi:noNamespaceSchemaLocation="https://maven.apache.org/surefire/maven-surefire-plugin/xsd/surefire-test-report.xsd" name="com.egy.clubtalk.controllers.UsersControllerTest" time="5.164" tests="6" errors="0" skipped="0" failures="0">
  <properties>
[...]
</properties>
  <testcase name="test_user_can_follow_other_users" classname="com.egy.clubtalk.controllers.UsersControllerTest" time="0.892"/>
  <testcase name="test_user_can_not_register_with_taken_email" classname="com.egy.clubtalk.controllers.UsersControllerTest" time="0.846"/>
  <testcase name="test_can_see_followings_of_the_user" classname="com.egy.clubtalk.controllers.UsersControllerTest" time="0.984"/>
  <testcase name="test_can_see_followers_of_the_user" classname="com.egy.clubtalk.controllers.UsersControllerTest" time="0.965"/>
  <testcase name="test_user_can_not_follow_him_self" classname="com.egy.clubtalk.controllers.UsersControllerTest" time="0.737"/>
  <testcase name="test_user_can_register_new_account" classname="com.egy.clubtalk.controllers.UsersControllerTest" time="0.736"/>
</testsuite>